#
# There is insufficient memory for the Java Runtime Environment to continue.
# Native memory allocation (malloc) failed to allocate 280336 bytes for Chunk::new
# Possible reasons:
#   The system is out of physical RAM or swap space
#   In 32 bit mode, the process size limit was hit
# Possible solutions:
#   Reduce memory load on the system
#   Increase physical memory or swap space
#   Check if swap backing store is full
#   Use 64 bit Java on a 64 bit OS
#   Decrease Java heap size (-Xmx/-Xms)
#   Decrease number of Java threads
#   Decrease Java thread stack sizes (-Xss)
#   Set larger code cache with -XX:ReservedCodeCacheSize=
# This output file may be truncated or incomplete.
#
#  Out of Memory Error (allocation.cpp:390), pid=5008, tid=0x0000000000001234
#
# JRE version: Java(TM) SE Runtime Environment (8.0_171-b11) (build 1.8.0_171-b11)
# Java VM: Java HotSpot(TM) 64-Bit Server VM (25.171-b11 mixed mode windows-amd64 compressed oops)
# Failed to write core dump. Minidumps are not enabled by default on client versions of Windows
#

---------------  T H R E A D  ---------------

Current thread (0x000000001ca24800):  JavaThread "C2 CompilerThread0" daemon [_thread_in_native, id=4660, stack(0x000000001db70000,0x000000001dc70000)]

Stack: [0x000000001db70000,0x000000001dc70000]
[error occurred during error reporting (printing stack bounds), id 0xc0000005]

Native frames: (J=compiled Java code, j=interpreted, Vv=VM code, C=native code)


Current CompileTask:
C2:13078658 54793       4       net.minecraft.world.chunk.Chunk::func_76623_d (96 bytes)


---------------  P R O C E S S  ---------------

Java Threads: ( => current thread )
  0x0000000043985000 JavaThread "JM-task-109" [_thread_blocked, id=5268, stack(0x0000000077150000,0x0000000077250000)]
  0x000000004397f000 JavaThread "Thread-139" daemon [_thread_in_native, id=5016, stack(0x0000000057ba0000,0x0000000057ca0000)]
  0x0000000043985800 JavaThread "VoiceServer Client Input Thread" daemon [_thread_blocked, id=9252, stack(0x00000000561d0000,0x00000000562d0000)]
  0x000000004397e000 JavaThread "VoiceServer Client Output Thread" daemon [_thread_in_native, id=3860, stack(0x0000000054ed0000,0x0000000054fd0000)]
  0x0000000043984000 JavaThread "Thread-132" [_thread_blocked, id=8788, stack(0x000000003a5f0000,0x000000003a6f0000)]
  0x000000004397c800 JavaThread "VoiceServer Listen Thread" daemon [_thread_in_native, id=3596, stack(0x000000003a4f0000,0x000000003a5f0000)]
  0x0000000043983800 JavaThread "Thread-130" [_thread_blocked, id=8796, stack(0x000000003a3f0000,0x000000003a4f0000)]
  0x000000004397d800 JavaThread "Server thread" [_thread_blocked, id=6832, stack(0x00000000f5800000,0x00000000f5900000)]
  0x0000000043982000 JavaThread "Snooper Timer" daemon [_thread_blocked, id=8452, stack(0x00000000f3d20000,0x00000000f3e20000)]
  0x0000000030115800 JavaThread "Netty Client IO #7" daemon [_thread_in_native, id=10108, stack(0x00000000da540000,0x00000000da640000)]
  0x000000006d0f8800 JavaThread "Netty Client IO #6" daemon [_thread_in_native, id=9516, stack(0x00000000b4490000,0x00000000b4590000)]
  0x000000006d0f0000 JavaThread "Netty Client IO #5" daemon [_thread_in_native, id=5916, stack(0x0000000077750000,0x0000000077850000)]
  0x000000006d0f9000 JavaThread "Netty Client IO #4" daemon [_thread_in_native, id=1296, stack(0x00000000581a0000,0x00000000582a0000)]
  0x000000004035f000 JavaThread "JM-texture-96" [_thread_blocked, id=9368, stack(0x0000000050100000,0x0000000050200000)]
  0x000000004035e000 JavaThread "JM-texture-95" [_thread_blocked, id=9084, stack(0x000000003b8c0000,0x000000003b9c0000)]
  0x000000006d0ec800 JavaThread "Netty IO #7" daemon [_thread_in_native, id=5628, stack(0x00000000ace00000,0x00000000acf00000)]
  0x000000006d0eb800 JavaThread "Netty Client IO #3" daemon [_thread_in_native, id=980, stack(0x00000000a9d00000,0x00000000a9e00000)]
  0x000000006d0f2800 JavaThread "Netty IO #6" daemon [_thread_in_native, id=9736, stack(0x00000000a5c30000,0x00000000a5d30000)]
  0x000000006d0f4800 JavaThread "Netty IO #5" daemon [_thread_in_native, id=8472, stack(0x00000000f4070000,0x00000000f4170000)]
  0x000000006d0f1800 JavaThread "Netty Client IO #2" daemon [_thread_in_native, id=8824, stack(0x00000000f3f70000,0x00000000f4070000)]
  0x000000006d0f3000 JavaThread "Netty IO #4" daemon [_thread_in_native, id=4904, stack(0x00000000f3e70000,0x00000000f3f70000)]
  0x0000000040362800 JavaThread "Netty IO #3" daemon [_thread_in_native, id=1456, stack(0x0000000058380000,0x0000000058480000)]
  0x0000000040361000 JavaThread "Netty Client IO #1" daemon [_thread_in_native, id=752, stack(0x00000000564d0000,0x00000000565d0000)]
  0x0000000040365000 JavaThread "Netty IO #2" daemon [_thread_in_native, id=6972, stack(0x0000000055bd0000,0x0000000055cd0000)]
  0x0000000040363800 JavaThread "Java Sound Event Dispatcher" daemon [_thread_blocked, id=4124, stack(0x0000000079f50000,0x000000007a050000)]
  0x0000000030113800 JavaThread "Chunk I/O Executor Thread-1" daemon [_thread_blocked, id=9748, stack(0x0000000077250000,0x0000000077350000)]
  0x0000000030112800 JavaThread "File IO Thread" [_thread_blocked, id=5932, stack(0x0000000077050000,0x0000000077150000)]
  0x0000000030118000 JavaThread "LogisticsPipes ItemIdentifier Cleanup Thread" daemon [_thread_blocked, id=9884, stack(0x0000000076f50000,0x0000000077050000)]
  0x0000000030118800 JavaThread "Netty IO #1" daemon [_thread_in_native, id=9648, stack(0x0000000076e50000,0x0000000076f50000)]
  0x0000000030117000 JavaThread "Netty Client IO #0" daemon [_thread_in_native, id=9412, stack(0x0000000076d50000,0x0000000076e50000)]
  0x0000000030110800 JavaThread "Netty IO #0" daemon [_thread_in_native, id=7040, stack(0x00000000708b0000,0x00000000709b0000)]
  0x0000000030112000 JavaThread "ic2-poolthread-4" daemon [_thread_blocked, id=8720, stack(0x00000000707b0000,0x00000000708b0000)]
  0x0000000030116800 JavaThread "ic2-poolthread-3" daemon [_thread_blocked, id=9580, stack(0x00000000706b0000,0x00000000707b0000)]
  0x000000001f142000 JavaThread "Thread-25" [_thread_blocked, id=10156, stack(0x000000005c040000,0x000000005c140000)]
  0x000000001f140800 JavaThread "Thread-24" [_thread_blocked, id=10040, stack(0x000000005bf40000,0x000000005c040000)]
  0x000000002d4c7800 JavaThread "pool-2-thread-1" [_thread_blocked, id=9228, stack(0x00000000563d0000,0x00000000564d0000)]
  0x000000001f14c000 JavaThread "ic2-poolthread-2" daemon [_thread_blocked, id=9780, stack(0x00000000560d0000,0x00000000561d0000)]
  0x000000001f14b000 JavaThread "PR RoutingThread #3" daemon [_thread_blocked, id=9816, stack(0x0000000055fd0000,0x00000000560d0000)]
  0x000000001f148000 JavaThread "PR RoutingThread #2" daemon [_thread_blocked, id=9812, stack(0x0000000055ed0000,0x0000000055fd0000)]
  0x000000001f144800 JavaThread "PR RoutingThread #1" daemon [_thread_blocked, id=9808, stack(0x0000000055dd0000,0x0000000055ed0000)]
  0x000000001f14a800 JavaThread "PR RoutingThread #0" daemon [_thread_blocked, id=9804, stack(0x0000000055cd0000,0x0000000055dd0000)]
  0x000000001f149800 JavaThread "LogisticsPipes RoutingTableUpdateThread #3" daemon [_thread_blocked, id=9572, stack(0x00000000556d0000,0x00000000557d0000)]
  0x000000001f14e000 JavaThread "LogisticsPipes RoutingTableUpdateThread #2" daemon [_thread_blocked, id=9568, stack(0x00000000555d0000,0x00000000556d0000)]
  0x000000001f149000 JavaThread "LogisticsPipes RoutingTableUpdateThread #1" daemon [_thread_blocked, id=9564, stack(0x00000000554d0000,0x00000000555d0000)]
  0x000000001f14c800 JavaThread "LogisticsPipes RoutingTableUpdateThread #0" daemon [_thread_blocked, id=9560, stack(0x00000000553d0000,0x00000000554d0000)]
  0x000000001f141800 JavaThread "LogisticsPipes Packet Decompressor Server" daemon [_thread_blocked, id=9556, stack(0x00000000552d0000,0x00000000553d0000)]
  0x000000001f147800 JavaThread "LogisticsPipes Packet Compressor Server" daemon [_thread_blocked, id=9552, stack(0x00000000551d0000,0x00000000552d0000)]
  0x000000001f146800 JavaThread "LogisticsPipes Packet Decompressor Client" daemon [_thread_blocked, id=9544, stack(0x00000000550d0000,0x00000000551d0000)]
  0x000000001f143000 JavaThread "LogisticsPipes Packet Compressor Client" daemon [_thread_blocked, id=9540, stack(0x0000000054fd0000,0x00000000550d0000)]
  0x000000001f13f000 JavaThread "ic2-poolthread-1" daemon [_thread_blocked, id=7844, stack(0x0000000052fd0000,0x00000000530d0000)]
  0x000000002d4c4800 JavaThread "Thread-9" [_thread_blocked, id=8984, stack(0x000000003b9c0000,0x000000003bac0000)]
  0x000000002d4c5800 JavaThread "LWJGL Timer" daemon [_thread_blocked, id=7376, stack(0x000000003b7c0000,0x000000003b8c0000)]
  0x000000002d4c1000 JavaThread "Timer hack thread" daemon [_thread_blocked, id=7924, stack(0x0000000030960000,0x0000000030a60000)]
  0x000000002d4c6000 JavaThread "Snooper Timer" daemon [_thread_blocked, id=5940, stack(0x0000000030860000,0x0000000030960000)]
  0x000000001ef00800 JavaThread "AWT-Windows" daemon [_thread_in_native, id=5708, stack(0x0000000020df0000,0x0000000020ef0000)]
  0x000000001ea3d000 JavaThread "Java2D Disposer" daemon [_thread_blocked, id=5712, stack(0x0000000020bf0000,0x0000000020cf0000)]
  0x000000001ca86800 JavaThread "Service Thread" daemon [_thread_blocked, id=5700, stack(0x000000001de70000,0x000000001df70000)]
  0x000000001ca80800 JavaThread "C1 CompilerThread2" daemon [_thread_blocked, id=5544, stack(0x000000001dd70000,0x000000001de70000)]
  0x000000001ca7e800 JavaThread "C2 CompilerThread1" daemon [_thread_blocked, id=5556, stack(0x000000001dc70000,0x000000001dd70000)]
=>0x000000001ca24800 JavaThread "C2 CompilerThread0" daemon [_thread_in_native, id=4660, stack(0x000000001db70000,0x000000001dc70000)]
  0x000000001ca23800 JavaThread "Attach Listener" daemon [_thread_blocked, id=5316, stack(0x000000001da70000,0x000000001db70000)]
  0x000000001ca20000 JavaThread "Signal Dispatcher" daemon [_thread_blocked, id=5328, stack(0x000000001d970000,0x000000001da70000)]
  0x000000001ca1f000 JavaThread "Surrogate Locker Thread (Concurrent GC)" daemon [_thread_blocked, id=5320, stack(0x000000001d870000,0x000000001d970000)]
  0x000000001ca04000 JavaThread "Finalizer" daemon [_thread_blocked, id=5064, stack(0x000000001d660000,0x000000001d760000)]
  0x000000001c85e000 JavaThread "Reference Handler" daemon [_thread_blocked, id=5068, stack(0x000000001d560000,0x000000001d660000)]
  0x0000000002614800 JavaThread "Client thread" [_thread_in_native, id=2784, stack(0x0000000002460000,0x0000000002560000)]

Other Threads:
  0x000000001c858800 VMThread [stack: 0x000000001d460000,0x000000001d560000] [id=3096]
  0x000000001cab2800 WatcherThread [stack: 0x000000001df70000,0x000000001e070000] [id=5696]

VM state:not at safepoint (normal execution)

VM Mutex/Monitor currently owned by a thread: None

Heap:
 par new generation   total 825792K, used 307632K [0x0000000600000000, 0x0000000638000000, 0x0000000638000000)
  eden space 734080K,  39% used [0x0000000600000000, 0x0000000611cfc030, 0x000000062cce0000)
  from space 91712K,  17% used [0x0000000632670000, 0x00000006335e0060, 0x0000000638000000)
  to   space 91712K,   0% used [0x000000062cce0000, 0x000000062cce0000, 0x0000000632670000)
 concurrent mark-sweep generation total 4606020K, used 3006393K [0x0000000638000000, 0x0000000751211000, 0x00000007c0000000)
 Metaspace       used 163346K, capacity 165511K, committed 165624K, reserved 1191936K
  class space    used 22749K, capacity 23221K, committed 23288K, reserved 1048576K

Card table byte_map: [0x0000000011ed0000,0x0000000012ce0000] byte_map_base: 0x000000000eed0000

Marking Bits: (CMSBitMap*) 0x000000000266ce28
 Bits: [0x0000000013d70000, 0x0000000019f70000)

Mod Union Table: (CMSBitMap*) 0x000000000266cee8
 Bits: [0x0000000019f80000, 0x000000001a108000)

Polling page: 0x0000000000860000

CodeCache: size=245760Kb used=145763Kb max_used=145845Kb free=99996Kb
 bounds [0x0000000002710000, 0x000000000b6a0000, 0x0000000011710000]
 total_blobs=33870 nmethods=32260 adapters=1516
 compilation: enabled

Compilation events (10 events):
Event: 13077.066 Thread 0x000000001ca80800 nmethod 54788 0x0000000009d447d0 code [0x0000000009d44920, 0x0000000009d44a30]
Event: 13077.066 Thread 0x000000001ca80800 54789       1       mekanism.client.nei.SolarNeutronRecipeHandler::getGuiClass (3 bytes)
Event: 13077.066 Thread 0x000000001ca80800 nmethod 54789 0x0000000006792610 code [0x0000000006792760, 0x0000000006792870]
Event: 13077.066 Thread 0x000000001ca80800 54790       1       com.rwtema.extrautils.nei.EnderConstructorHandler::getGuiClass (3 bytes)
Event: 13077.066 Thread 0x000000001ca80800 nmethod 54790 0x0000000006792350 code [0x00000000067924a0, 0x00000000067925b0]
Event: 13077.458 Thread 0x000000001ca80800 54791       3       org.apache.logging.log4j.core.impl.ThrowableProxy$CacheEntry::<init> (20 bytes)
Event: 13077.459 Thread 0x000000001ca80800 nmethod 54791 0x0000000006791f50 code [0x00000000067920a0, 0x0000000006792290]
Event: 13077.461 Thread 0x000000001ca80800 54792       3       net.minecraft.world.gen.ChunkProviderServer::func_73156_b (286 bytes)
Event: 13077.463 Thread 0x000000001ca80800 nmethod 54792 0x000000000b519c90 code [0x000000000b51a0e0, 0x000000000b51c848]
Event: 13078.109 Thread 0x000000001ca24800 54793       4       net.minecraft.world.chunk.Chunk::func_76623_d (96 bytes)

GC Heap History (10 events):
Event: 13044.267 GC heap before
{Heap before GC invocations=2130 (full 97):
 par new generation   total 825792K, used 741846K [0x0000000600000000, 0x0000000638000000, 0x0000000638000000)
  eden space 734080K, 100% used [0x0000000600000000, 0x000000062cce0000, 0x000000062cce0000)
  from space 91712K,   8% used [0x000000062cce0000, 0x000000062d475b50, 0x0000000632670000)
  to   space 91712K,   0% used [0x0000000632670000, 0x0000000632670000, 0x0000000638000000)
 concurrent mark-sweep generation total 4606020K, used 3004440K [0x0000000638000000, 0x0000000751211000, 0x00000007c0000000)
 Metaspace       used 163342K, capacity 165511K, committed 165624K, reserved 1191936K
  class space    used 22749K, capacity 23221K, committed 23288K, reserved 1048576K
Event: 13044.280 GC heap after
Heap after GC invocations=2131 (full 97):
 par new generation   total 825792K, used 7726K [0x0000000600000000, 0x0000000638000000, 0x0000000638000000)
  eden space 734080K,   0% used [0x0000000600000000, 0x0000000600000000, 0x000000062cce0000)
  from space 91712K,   8% used [0x0000000632670000, 0x0000000632dfb810, 0x0000000638000000)
  to   space 91712K,   0% used [0x000000062cce0000, 0x000000062cce0000, 0x0000000632670000)
 concurrent mark-sweep generation total 4606020K, used 3004693K [0x0000000638000000, 0x0000000751211000, 0x00000007c0000000)
 Metaspace       used 163342K, capacity 165511K, committed 165624K, reserved 1191936K
  class space    used 22749K, capacity 23221K, committed 23288K, reserved 1048576K
}
Event: 13049.568 GC heap before
{Heap before GC invocations=2131 (full 97):
 par new generation   total 825792K, used 741806K [0x0000000600000000, 0x0000000638000000, 0x0000000638000000)
  eden space 734080K, 100% used [0x0000000600000000, 0x000000062cce0000, 0x000000062cce0000)
  from space 91712K,   8% used [0x0000000632670000, 0x0000000632dfb810, 0x0000000638000000)
  to   space 91712K,   0% used [0x000000062cce0000, 0x000000062cce0000, 0x0000000632670000)
 concurrent mark-sweep generation total 4606020K, used 3004693K [0x0000000638000000, 0x0000000751211000, 0x00000007c0000000)
 Metaspace       used 163342K, capacity 165511K, committed 165624K, reserved 1191936K
  class space    used 22749K, capacity 23221K, committed 23288K, reserved 1048576K
Event: 13049.583 GC heap after
Heap after GC invocations=2132 (full 97):
 par new generation   total 825792K, used 9763K [0x0000000600000000, 0x0000000638000000, 0x0000000638000000)
  eden space 734080K,   0% used [0x0000000600000000, 0x0000000600000000, 0x000000062cce0000)
  from space 91712K,  10% used [0x000000062cce0000, 0x000000062d668f48, 0x0000000632670000)
  to   space 91712K,   0% used [0x0000000632670000, 0x0000000632670000, 0x0000000638000000)
 concurrent mark-sweep generation total 4606020K, used 3005235K [0x0000000638000000, 0x0000000751211000, 0x00000007c0000000)
 Metaspace       used 163342K, capacity 165511K, committed 165624K, reserved 1191936K
  class space    used 22749K, capacity 23221K, committed 23288K, reserved 1048576K
}
Event: 13056.838 GC heap before
{Heap before GC invocations=2132 (full 97):
 par new generation   total 825792K, used 743843K [0x0000000600000000, 0x0000000638000000, 0x0000000638000000)
  eden space 734080K, 100% used [0x0000000600000000, 0x000000062cce0000, 0x000000062cce0000)
  from space 91712K,  10% used [0x000000062cce0000, 0x000000062d668f98, 0x0000000632670000)
  to   space 91712K,   0% used [0x0000000632670000, 0x0000000632670000, 0x0000000638000000)
 concurrent mark-sweep generation total 4606020K, used 3005235K [0x0000000638000000, 0x0000000751211000, 0x00000007c0000000)
 Metaspace       used 163342K, capacity 165511K, committed 165624K, reserved 1191936K
  class space    used 22749K, capacity 23221K, committed 23288K, reserved 1048576K
Event: 13056.852 GC heap after
Heap after GC invocations=2133 (full 97):
 par new generation   total 825792K, used 9366K [0x0000000600000000, 0x0000000638000000, 0x0000000638000000)
  eden space 734080K,   0% used [0x0000000600000000, 0x0000000600000000, 0x000000062cce0000)
  from space 91712K,  10% used [0x0000000632670000, 0x0000000632f95980, 0x0000000638000000)
  to   space 91712K,   0% used [0x000000062cce0000, 0x000000062cce0000, 0x0000000632670000)
 concurrent mark-sweep generation total 4606020K, used 3005793K [0x0000000638000000, 0x0000000751211000, 0x00000007c0000000)
 Metaspace       used 163342K, capacity 165511K, committed 165624K, reserved 1191936K
  class space    used 22749K, capacity 23221K, committed 23288K, reserved 1048576K
}
Event: 13065.713 GC heap before
{Heap before GC invocations=2133 (full 97):
 par new generation   total 825792K, used 743446K [0x0000000600000000, 0x0000000638000000, 0x0000000638000000)
  eden space 734080K, 100% used [0x0000000600000000, 0x000000062cce0000, 0x000000062cce0000)
  from space 91712K,  10% used [0x0000000632670000, 0x0000000632f95980, 0x0000000638000000)
  to   space 91712K,   0% used [0x000000062cce0000, 0x000000062cce0000, 0x0000000632670000)
 concurrent mark-sweep generation total 4606020K, used 3005793K [0x0000000638000000, 0x0000000751211000, 0x00000007c0000000)
 Metaspace       used 163342K, capacity 165511K, committed 165624K, reserved 1191936K
  class space    used 22749K, capacity 23221K, committed 23288K, reserved 1048576K
Event: 13065.728 GC heap after
Heap after GC invocations=2134 (full 97):
 par new generation   total 825792K, used 13858K [0x0000000600000000, 0x0000000638000000, 0x0000000638000000)
  eden space 734080K,   0% used [0x0000000600000000, 0x0000000600000000, 0x000000062cce0000)
  from space 91712K,  15% used [0x000000062cce0000, 0x000000062da68a60, 0x0000000632670000)
  to   space 91712K,   0% used [0x0000000632670000, 0x0000000632670000, 0x0000000638000000)
 concurrent mark-sweep generation total 4606020K, used 3006295K [0x0000000638000000, 0x0000000751211000, 0x00000007c0000000)
 Metaspace       used 163342K, capacity 165511K, committed 165624K, reserved 1191936K
  class space    used 22749K, capacity 23221K, committed 23288K, reserved 1048576K
}
Event: 13074.416 GC heap before
{Heap before GC invocations=2134 (full 97):
 par new generation   total 825792K, used 747938K [0x0000000600000000, 0x0000000638000000, 0x0000000638000000)
  eden space 734080K, 100% used [0x0000000600000000, 0x000000062cce0000, 0x000000062cce0000)
  from space 91712K,  15% used [0x000000062cce0000, 0x000000062da68a60, 0x0000000632670000)
  to   space 91712K,   0% used [0x0000000632670000, 0x0000000632670000, 0x0000000638000000)
 concurrent mark-sweep generation total 4606020K, used 3006295K [0x0000000638000000, 0x0000000751211000, 0x00000007c0000000)
 Metaspace       used 163346K, capacity 165511K, committed 165624K, reserved 1191936K
  class space    used 22749K, capacity 23221K, committed 23288K, reserved 1048576K
Event: 13074.430 GC heap after
Heap after GC invocations=2135 (full 97):
 par new generation   total 825792K, used 15808K [0x0000000600000000, 0x0000000638000000, 0x0000000638000000)
  eden space 734080K,   0% used [0x0000000600000000, 0x0000000600000000, 0x000000062cce0000)
  from space 91712K,  17% used [0x0000000632670000, 0x00000006335e0060, 0x0000000638000000)
  to   space 91712K,   0% used [0x000000062cce0000, 0x000000062cce0000, 0x0000000632670000)
 concurrent mark-sweep generation total 4606020K, used 3006393K [0x0000000638000000, 0x0000000751211000, 0x00000007c0000000)
 Metaspace       used 163346K, capacity 165511K, committed 165624K, reserved 1191936K
  class space    used 22749K, capacity 23221K, committed 23288K, reserved 1048576K
}

Deoptimization events (10 events):
Event: 13067.263 Thread 0x000000004397d800 Uncommon trap: reason=unstable_if action=reinterpret pc=0x000000000b074e74 method=logisticspipes.routing.order.LogisticsOrder.getRouterId()I @ 4
Event: 13067.263 Thread 0x000000004397d800 Uncommon trap: reason=unstable_if action=reinterpret pc=0x00000000095760c8 method=logisticspipes.routing.order.LogisticsOrderLinkedList.elemRemove(Llogisticspipes/routing/order/LogisticsOrder;)V @ 10
Event: 13077.458 Thread 0x000000004397d800 Uncommon trap: reason=unloaded action=reinterpret pc=0x0000000008a29774 method=net.minecraft.world.storage.SaveHandler.func_75762_c()V @ 70
Event: 13077.458 Thread 0x000000004397d800 Uncommon trap: reason=unloaded action=reinterpret pc=0x0000000006fd9a18 method=net.minecraft.world.gen.ChunkProviderServer.func_73242_b(Lnet/minecraft/world/chunk/Chunk;)V @ 59
Event: 13077.459 Thread 0x000000004397d800 Uncommon trap: reason=class_check action=maybe_recompile pc=0x000000000a62b228 method=net.minecraft.world.chunk.Chunk.func_76623_d()V @ 44
Event: 13077.510 Thread 0x000000004397d800 Uncommon trap: reason=class_check action=maybe_recompile pc=0x000000000a62b228 method=net.minecraft.world.chunk.Chunk.func_76623_d()V @ 44
Event: 13077.510 Thread 0x000000004397d800 Uncommon trap: reason=unloaded action=reinterpret pc=0x0000000008c2f108 method=net.minecraft.world.storage.SaveHandler.func_75762_c()V @ 70
Event: 13077.510 Thread 0x000000004397d800 Uncommon trap: reason=unloaded action=reinterpret pc=0x00000000090ba784 method=net.minecraft.world.gen.ChunkProviderServer.func_73242_b(Lnet/minecraft/world/chunk/Chunk;)V @ 59
Event: 13077.559 Thread 0x000000004397d800 Uncommon trap: reason=class_check action=maybe_recompile pc=0x000000000a62b098 method=net.minecraft.world.chunk.Chunk.func_76623_d()V @ 71
Event: 13077.560 Thread 0x000000004397d800 Uncommon trap: reason=class_check action=maybe_recompile pc=0x000000000a62b228 method=net.minecraft.world.chunk.Chunk.func_76623_d()V @ 44

Classes redefined (0 events):
No events

Internal exceptions (10 events):
Event: 13078.087 Thread 0x000000001f140800 Exception <a 'java/lang/InterruptedException': sleep interrupted> (0x000000061185eb20) thrown at [C:\re\workspace\8-2-build-windows-amd64-cygwin\jdk8u171\10807\hotspot\src\share\vm\prims\jvm.cpp, line 3273]
Event: 13078.094 Thread 0x000000001f140800 Exception <a 'java/lang/InterruptedException': sleep interrupted> (0x000000061185ed78) thrown at [C:\re\workspace\8-2-build-windows-amd64-cygwin\jdk8u171\10807\hotspot\src\share\vm\prims\jvm.cpp, line 3273]
Event: 13078.101 Thread 0x000000001f140800 Exception <a 'java/lang/InterruptedException': sleep interrupted> (0x000000061185efd0) thrown at [C:\re\workspace\8-2-build-windows-amd64-cygwin\jdk8u171\10807\hotspot\src\share\vm\prims\jvm.cpp, line 3273]
Event: 13078.111 Thread 0x000000001f140800 Exception <a 'java/lang/InterruptedException': sleep interrupted> (0x000000061185f228) thrown at [C:\re\workspace\8-2-build-windows-amd64-cygwin\jdk8u171\10807\hotspot\src\share\vm\prims\jvm.cpp, line 3273]
Event: 13078.111 Thread 0x000000001f140800 Exception <a 'java/lang/InterruptedException': sleep interrupted> (0x000000061185ffa0) thrown at [C:\re\workspace\8-2-build-windows-amd64-cygwin\jdk8u171\10807\hotspot\src\share\vm\prims\jvm.cpp, line 3273]
Event: 13078.112 Thread 0x000000001f140800 Exception <a 'java/lang/InterruptedException': sleep interrupted> (0x00000006118601f8) thrown at [C:\re\workspace\8-2-build-windows-amd64-cygwin\jdk8u171\10807\hotspot\src\share\vm\prims\jvm.cpp, line 3273]
Event: 13078.113 Thread 0x000000001f140800 Exception <a 'java/lang/InterruptedException': sleep interrupted> (0x0000000611860450) thrown at [C:\re\workspace\8-2-build-windows-amd64-cygwin\jdk8u171\10807\hotspot\src\share\vm\prims\jvm.cpp, line 3273]
Event: 13078.123 Thread 0x000000001f140800 Exception <a 'java/lang/InterruptedException': sleep interrupted> (0x00000006118606a8) thrown at [C:\re\workspace\8-2-build-windows-amd64-cygwin\jdk8u171\10807\hotspot\src\share\vm\prims\jvm.cpp, line 3273]
Event: 13078.131 Thread 0x000000001f140800 Exception <a 'java/lang/InterruptedException': sleep interrupted> (0x0000000611860900) thrown at [C:\re\workspace\8-2-build-windows-amd64-cygwin\jdk8u171\10807\hotspot\src\share\vm\prims\jvm.cpp, line 3273]
Event: 13078.139 Thread 0x000000001f140800 Exception <a 'java/lang/InterruptedException': sleep interrupted> (0x0000000611860b58) thrown at [C:\re\workspace\8-2-build-windows-amd64-cygwin\jdk8u171\10807\hotspot\src\share\vm\prims\jvm.cpp, line 3273]

Events (10 events):
Event: 13077.510 Thread 0x000000004397d800 DEOPT UNPACKING pc=0x000000000275583b sp=0x00000000f58ff0c0 mode 2
Event: 13077.510 Thread 0x000000004397d800 Uncommon trap: trap_request=0x0000015f fr.pc=0x00000000090ba784
Event: 13077.510 Thread 0x000000004397d800 DEOPT PACKING pc=0x00000000090ba784 sp=0x00000000f58ff240
Event: 13077.510 Thread 0x000000004397d800 DEOPT UNPACKING pc=0x000000000275583b sp=0x00000000f58ff1e0 mode 2
Event: 13077.559 Thread 0x000000004397d800 Uncommon trap: trap_request=0xffffffde fr.pc=0x000000000a62b098
Event: 13077.559 Thread 0x000000004397d800 DEOPT PACKING pc=0x000000000a62b098 sp=0x00000000f58ff190
Event: 13077.559 Thread 0x000000004397d800 DEOPT UNPACKING pc=0x000000000275583b sp=0x00000000f58ff198 mode 2
Event: 13077.560 Thread 0x000000004397d800 Uncommon trap: trap_request=0xffffffde fr.pc=0x000000000a62b228
Event: 13077.560 Thread 0x000000004397d800 DEOPT PACKING pc=0x000000000a62b228 sp=0x00000000f58ff190
Event: 13077.560 Thread 0x000000004397d800 DEOPT UNPACKING pc=0x000000000275583b sp=0x00000000f58ff198 mode 2


Dynamic libraries:
0x00007ff7d9b50000 - 0x00007ff7d9b87000 	C:\Program Files\Java\jre1.8.0_171\bin\javaw.exe
0x00007fff67da0000 - 0x00007fff67f81000 	C:\Windows\SYSTEM32\ntdll.dll
0x00007fff654c0000 - 0x00007fff65572000 	C:\Windows\System32\KERNEL32.DLL
0x00007fff64d30000 - 0x00007fff64fa3000 	C:\Windows\System32\KERNELBASE.dll
0x00007fff67a80000 - 0x00007fff67b21000 	C:\Windows\System32\ADVAPI32.dll
0x00007fff656b0000 - 0x00007fff6574e000 	C:\Windows\System32\msvcrt.dll
0x00007fff65250000 - 0x00007fff652ab000 	C:\Windows\System32\sechost.dll
0x00007fff67c40000 - 0x00007fff67d64000 	C:\Windows\System32\RPCRT4.dll
0x00007fff67530000 - 0x00007fff676c0000 	C:\Windows\System32\USER32.dll
0x00007fff64cb0000 - 0x00007fff64cd0000 	C:\Windows\System32\win32u.dll
0x00007fff67360000 - 0x00007fff67388000 	C:\Windows\System32\GDI32.dll
0x00007fff64170000 - 0x00007fff64302000 	C:\Windows\System32\gdi32full.dll
0x00007fff64c10000 - 0x00007fff64caf000 	C:\Windows\System32\msvcp_win.dll
0x00007fff65130000 - 0x00007fff6522a000 	C:\Windows\System32\ucrtbase.dll
0x00007fff58e50000 - 0x00007fff590b9000 	C:\Windows\WinSxS\amd64_microsoft.windows.common-controls_6595b64144ccf1df_6.0.17134.165_none_fb429645306569ac\COMCTL32.dll
0x00007fff67750000 - 0x00007fff67a73000 	C:\Windows\System32\combase.dll
0x00007fff650b0000 - 0x00007fff6512a000 	C:\Windows\System32\bcryptPrimitives.dll
0x00007fff67330000 - 0x00007fff6735d000 	C:\Windows\System32\IMM32.DLL
0x000000005fb40000 - 0x000000005fc12000 	C:\Program Files\Java\jre1.8.0_171\bin\msvcr100.dll
0x000000005f2a0000 - 0x000000005fb40000 	C:\Program Files\Java\jre1.8.0_171\bin\server\jvm.dll
0x00007fff67740000 - 0x00007fff67748000 	C:\Windows\System32\PSAPI.DLL
0x00007fff58630000 - 0x00007fff58639000 	C:\Windows\SYSTEM32\WSOCK32.dll
0x00007fff65440000 - 0x00007fff654ac000 	C:\Windows\System32\WS2_32.dll
0x00007fff62310000 - 0x00007fff62333000 	C:\Windows\SYSTEM32\WINMM.dll
0x00007fff5fe40000 - 0x00007fff5fe4a000 	C:\Windows\SYSTEM32\VERSION.dll
0x00007fff621f0000 - 0x00007fff6221a000 	C:\Windows\SYSTEM32\WINMMBASE.dll
0x00007fff65060000 - 0x00007fff650a9000 	C:\Windows\System32\cfgmgr32.dll
0x000000005f290000 - 0x000000005f29f000 	C:\Program Files\Java\jre1.8.0_171\bin\verify.dll
0x000000005f260000 - 0x000000005f289000 	C:\Program Files\Java\jre1.8.0_171\bin\java.dll
0x000000005f240000 - 0x000000005f256000 	C:\Program Files\Java\jre1.8.0_171\bin\zip.dll
0x00007fff65d10000 - 0x00007fff67150000 	C:\Windows\System32\SHELL32.dll
0x00007fff67b30000 - 0x00007fff67bd9000 	C:\Windows\System32\shcore.dll
0x00007fff64500000 - 0x00007fff64c0d000 	C:\Windows\System32\windows.storage.dll
0x00007fff65580000 - 0x00007fff655d1000 	C:\Windows\System32\shlwapi.dll
0x00007fff64130000 - 0x00007fff64141000 	C:\Windows\System32\kernel.appcore.dll
0x00007fff64150000 - 0x00007fff6416f000 	C:\Windows\System32\profapi.dll
0x00007fff640d0000 - 0x00007fff6411c000 	C:\Windows\System32\powrprof.dll
0x00007fff64120000 - 0x00007fff6412a000 	C:\Windows\System32\FLTLIB.DLL
0x000000005f210000 - 0x000000005f21d000 	C:\Program Files\Java\jre1.8.0_171\bin\management.dll
0x000000005f220000 - 0x000000005f23a000 	C:\Program Files\Java\jre1.8.0_171\bin\net.dll
0x00007fff63930000 - 0x00007fff63996000 	C:\Windows\system32\mswsock.dll
0x000000005f1f0000 - 0x000000005f201000 	C:\Program Files\Java\jre1.8.0_171\bin\nio.dll
0x00007fff48000000 - 0x00007fff48016000 	C:\Windows\system32\napinsp.dll
0x00007fff47fe0000 - 0x00007fff47ffa000 	C:\Windows\system32\pnrpnsp.dll
0x00007fff60c20000 - 0x00007fff60c39000 	C:\Windows\system32\NLAapi.dll
0x00007fff636f0000 - 0x00007fff637ae000 	C:\Windows\SYSTEM32\DNSAPI.dll
0x00007fff654b0000 - 0x00007fff654b8000 	C:\Windows\System32\NSI.dll
0x00007fff636b0000 - 0x00007fff636e8000 	C:\Windows\SYSTEM32\IPHLPAPI.DLL
0x00007fff47fd0000 - 0x00007fff47fde000 	C:\Windows\System32\winrnr.dll
0x00007fff5cb80000 - 0x00007fff5cb8a000 	C:\Windows\System32\rasadhlp.dll
0x00007fff589d0000 - 0x00007fff58a42000 	C:\Windows\System32\fwpuclnt.dll
0x00007fff63c10000 - 0x00007fff63c35000 	C:\Windows\SYSTEM32\bcrypt.dll
0x000000005f050000 - 0x000000005f1e8000 	C:\Program Files\Java\jre1.8.0_171\bin\awt.dll
0x00007fff655e0000 - 0x00007fff656a2000 	C:\Windows\System32\OLEAUT32.dll
0x00007fff62460000 - 0x00007fff624eb000 	C:\Windows\SYSTEM32\apphelp.dll
0x00007fff626c0000 - 0x00007fff62758000 	C:\Windows\system32\uxtheme.dll
0x00007fff67150000 - 0x00007fff672c5000 	C:\Windows\System32\MSCTF.dll
0x00007fff58a50000 - 0x00007fff58d10000 	C:\Program Files (x86)\Stardock\Start10\Start10_64.dll
0x00007fff62840000 - 0x00007fff62869000 	C:\Windows\system32\dwmapi.dll
0x00007fff65bb0000 - 0x00007fff65d01000 	C:\Windows\System32\ole32.dll
0x000000005f000000 - 0x000000005f047000 	C:\Program Files\Java\jre1.8.0_171\bin\fontmanager.dll
0x00007fff38850000 - 0x00007fff38970000 	C:\Windows\system32\opengl32.dll
0x00007fff4c410000 - 0x00007fff4c43c000 	C:\Windows\SYSTEM32\GLU32.dll
0x00007fff64310000 - 0x00007fff644f2000 	C:\Windows\System32\crypt32.dll
0x00007fff640b0000 - 0x00007fff640c2000 	C:\Windows\System32\MSASN1.dll
0x00007fff64cd0000 - 0x00007fff64d27000 	C:\Windows\System32\WINTRUST.DLL
0x00007fff65230000 - 0x00007fff6524d000 	C:\Windows\System32\imagehlp.dll
0x00007fff63ae0000 - 0x00007fff63af7000 	C:\Windows\SYSTEM32\CRYPTSP.dll
0x00007fff63510000 - 0x00007fff63543000 	C:\Windows\system32\rsaenh.dll
0x00007fff63b00000 - 0x00007fff63b0b000 	C:\Windows\SYSTEM32\CRYPTBASE.dll
0x00007fff59610000 - 0x00007fff596d3000 	C:\Program Files (x86)\NVIDIA Corporation\3D Vision\nvSCPAPI64.dll
0x00007fff65750000 - 0x00007fff65b9b000 	C:\Windows\System32\SETUPAPI.dll
0x00007fff37e30000 - 0x00007fff38074000 	C:\Windows\system32\nvspcap64.dll
0x00007fff631a0000 - 0x00007fff631d1000 	C:\Windows\SYSTEM32\ntmarta.dll
0x00007fff62df0000 - 0x00007fff62e12000 	C:\Windows\SYSTEM32\gpapi.dll
0x00007fff5e8f0000 - 0x00007fff5e91e000 	C:\Windows\SYSTEM32\cryptnet.dll
0x000000005efb0000 - 0x000000005eff2000 	C:\Program Files\Java\jre1.8.0_171\bin\t2k.dll
0x000000005ef50000 - 0x000000005ef67000 	C:\Program Files\Java\jre1.8.0_171\bin\unpack.dll
0x0000000180000000 - 0x0000000180051000 	C:\Users\Lerockit\AppData\Roaming\.minecraft\versions\1.7.10-Forge10.13.4.1614-1.7.10\1.7.10-Forge10.13.4.1614-1.7.10-natives-86457384777\lwjgl64.dll
0x00007fff63fe0000 - 0x00007fff64008000 	C:\Windows\SYSTEM32\USERENV.dll
0x00007fff5f1f0000 - 0x00007fff5f206000 	C:\Windows\SYSTEM32\dhcpcsvc6.DLL
0x00007fff5fbd0000 - 0x00007fff5fbea000 	C:\Windows\SYSTEM32\dhcpcsvc.DLL
0x000000005c8c0000 - 0x000000005ef45000 	C:\Windows\System32\DriverStore\FileRepository\nv_dispi.inf_amd64_52ac7eb8f32780d5\nvoglv64.dll
0x00007fff60bc0000 - 0x00007fff60bd3000 	C:\Windows\SYSTEM32\WTSAPI32.dll
0x00007fff63ec0000 - 0x00007fff63ee7000 	C:\Windows\SYSTEM32\DEVOBJ.dll
0x00007fff52ad0000 - 0x00007fff52b68000 	C:\Windows\System32\TextInputFramework.dll
0x00007fff5f2e0000 - 0x00007fff5f5fe000 	C:\Windows\System32\CoreUIComponents.dll
0x00007fff62110000 - 0x00007fff621ea000 	C:\Windows\System32\CoreMessaging.dll
0x00007fff5fed0000 - 0x00007fff6001d000 	C:\Windows\SYSTEM32\wintypes.dll
0x00007fff594d0000 - 0x00007fff59578000 	C:\Windows\SYSTEM32\mscms.dll
0x00007fff5cba0000 - 0x00007fff5cbb0000 	C:\Windows\SYSTEM32\ColorAdapterClient.dll
0x00007fff5eb60000 - 0x00007fff5eba3000 	C:\Windows\SYSTEM32\icm32.dll
0x00007fff63240000 - 0x00007fff63296000 	C:\Windows\SYSTEM32\WINSTA.dll
0x0000000070a40000 - 0x0000000070adc000 	C:\Users\Lerockit\AppData\Roaming\.minecraft\versions\1.7.10-Forge10.13.4.1614-1.7.10\1.7.10-Forge10.13.4.1614-1.7.10-natives-86457384777\avutil-ttv-51.dll
0x0000000065980000 - 0x00000000659d6000 	C:\Users\Lerockit\AppData\Roaming\.minecraft\versions\1.7.10-Forge10.13.4.1614-1.7.10\1.7.10-Forge10.13.4.1614-1.7.10-natives-86457384777\swresample-ttv-0.dll
0x000000006eb80000 - 0x000000006ec50000 	C:\Users\Lerockit\AppData\Roaming\.minecraft\versions\1.7.10-Forge10.13.4.1614-1.7.10\1.7.10-Forge10.13.4.1614-1.7.10-natives-86457384777\libmp3lame-ttv.dll
0x00007fff34980000 - 0x00007fff35d24000 	C:\Users\Lerockit\AppData\Roaming\.minecraft\versions\1.7.10-Forge10.13.4.1614-1.7.10\1.7.10-Forge10.13.4.1614-1.7.10-natives-86457384777\libmfxsw64.dll
0x00007fff5e550000 - 0x00007fff5e67b000 	C:\Users\Lerockit\AppData\Roaming\.minecraft\versions\1.7.10-Forge10.13.4.1614-1.7.10\1.7.10-Forge10.13.4.1614-1.7.10-natives-86457384777\twitchsdk.dll
0x00007fff56af0000 - 0x00007fff56e3f000 	C:\Windows\SYSTEM32\WININET.dll
0x000000005ef80000 - 0x000000005efa4000 	C:\Program Files\Java\jre1.8.0_171\bin\sunec.dll
0x000000005ef70000 - 0x000000005ef7b000 	C:\Program Files\Java\jre1.8.0_171\bin\sunmscapi.dll
0x00000000009d0000 - 0x0000000000a34000 	C:\Users\Lerockit\AppData\Roaming\.minecraft\versions\1.7.10-Forge10.13.4.1614-1.7.10\1.7.10-Forge10.13.4.1614-1.7.10-natives-86457384777\OpenAL64.dll
0x00007fff653a0000 - 0x00007fff65440000 	C:\Windows\System32\clbcatq.dll
0x00007fff5e870000 - 0x00007fff5e8e6000 	C:\Windows\System32\MMDevApi.dll
0x00007fff607f0000 - 0x00007fff609a4000 	C:\Windows\System32\PROPSYS.dll
0x00007fff4b0f0000 - 0x00007fff4b17f000 	C:\Windows\SYSTEM32\dsound.dll
0x00007fff40ce0000 - 0x00007fff40e0c000 	C:\Windows\SYSTEM32\AUDIOSES.DLL
0x00007fff5fb50000 - 0x00007fff5fb5a000 	C:\Windows\SYSTEM32\AVRT.dll
0x000000005c8b0000 - 0x000000005c8bc000 	C:\Program Files\Java\jre1.8.0_171\bin\jsound.dll
0x000000005c8a0000 - 0x000000005c8ab000 	C:\Program Files\Java\jre1.8.0_171\bin\jsoundds.dll
0x00007fff4f9c0000 - 0x00007fff4fa04000 	C:\Windows\SYSTEM32\wdmaud.drv
0x00007fff5edb0000 - 0x00007fff5edb9000 	C:\Windows\SYSTEM32\ksuser.dll
0x00007fff5e3e0000 - 0x00007fff5e3ed000 	C:\Windows\SYSTEM32\msacm32.drv
0x00007fff5de70000 - 0x00007fff5de8c000 	C:\Windows\SYSTEM32\MSACM32.dll
0x00007fff5e3d0000 - 0x00007fff5e3da000 	C:\Windows\SYSTEM32\midimap.dll
0x000000002d750000 - 0x000000002d78e000 	C:\Program Files\Java\jre1.8.0_171\bin\lcms.dll
0x00007fff5c230000 - 0x00007fff5c3c7000 	C:\Windows\system32\d3d9.dll
0x00007fff5e680000 - 0x00007fff5e76c000 	C:\Windows\System32\DriverStore\FileRepository\nv_dispi.inf_amd64_52ac7eb8f32780d5\nvldumdx.dll
0x00007fff35ea0000 - 0x00007fff370d9000 	C:\Windows\System32\DriverStore\FileRepository\nv_dispi.inf_amd64_52ac7eb8f32780d5\nvd3dumx.dll

VM Arguments:
jvm_args: -XX:HeapDumpPath=MojangTricksIntelDriversForPerformance_javaw.exe_minecraft.exe.heapdump -Xmx7G -XX:+UseConcMarkSweepGC -XX:+CMSIncrementalMode -XX:-UseAdaptiveSizePolicy -Xmn896M -Djava.library.path=C:\Users\Lerockit\AppData\Roaming\.minecraft\versions\1.7.10-Forge10.13.4.1614-1.7.10\1.7.10-Forge10.13.4.1614-1.7.10-natives-86457384777 
java_command: net.minecraft.launchwrapper.Launch --username Lerockit --version 1.7.10-Forge10.13.4.1614-1.7.10 --gameDir C:\Users\Lerockit\AppData\Roaming\.minecraft --assetsDir C:\Users\Lerockit\AppData\Roaming\.minecraft\assets --assetIndex 1.7.10 --uuid d83954d17e9e39b5a49f732d7befc5fe --accessToken   --userProperties {} --userType Lerockit --tweakClass cpw.mods.fml.common.launcher.FMLTweaker
java_class_path (initial): C:\Users\Lerockit\AppData\Roaming\.minecraft\libraries\net\minecraftforge\forge\1.7.10-10.13.4.1614-1.7.10\forge-1.7.10-10.13.4.1614-1.7.10.jar;C:\Users\Lerockit\AppData\Roaming\.minecraft\libraries\net\minecraft\launchwrapper\1.12\launchwrapper-1.12.jar;C:\Users\Lerockit\AppData\Roaming\.minecraft\libraries\org\ow2\asm\asm-all\5.0.3\asm-all-5.0.3.jar;C:\Users\Lerockit\AppData\Roaming\.minecraft\libraries\com\typesafe\akka\akka-actor_2.11\2.3.3\akka-actor_2.11-2.3.3.jar;C:\Users\Lerockit\AppData\Roaming\.minecraft\libraries\com\typesafe\config\1.2.1\config-1.2.1.jar;C:\Users\Lerockit\AppData\Roaming\.minecraft\libraries\org\scala-lang\scala-actors-migration_2.11\1.1.0\scala-actors-migration_2.11-1.1.0.jar;C:\Users\Lerockit\AppData\Roaming\.minecraft\libraries\org\scala-lang\scala-compiler\2.11.1\scala-compiler-2.11.1.jar;C:\Users\Lerockit\AppData\Roaming\.minecraft\libraries\org\scala-lang\plugins\scala-continuations-library_2.11\1.0.2\scala-continuations-library_2.11-1.0.2.jar;C:\Users\Lerockit\AppData\Roaming\.minecraft\libraries\org\scala-lang\plugins\scala-continuations-plugin_2.11.1\1.0.2\scala-continuations-plugin_2.11.1-1.0.2.jar;C:\Users\Lerockit\AppData\Roaming\.minecraft\libraries\org\scala-lang\scala-library\2.11.1\scala-library-2.11.1.jar;C:\Users\Lerockit\AppData\Roaming\.minecraft\libraries\org\scala-lang\scala-parser-combinators_2.11\1.0.1\scala-parser-combinators_2.11-1.0.1.jar;C:\Users\Lerockit\AppData\Roaming\.minecraft\libraries\org\scala-lang\scala-reflect\2.11.1\scala-reflect-2.11.1.jar;C:\Users\Lerockit\AppData\Roaming\.minecraft\libraries\org\scala-lang\scala-swing_2.11\1.0.1\scala-swing_2.11-1.0.1.jar;C:\Users\Lerockit\AppData\Roaming\.minecraft\libraries\org\scala-lang\scala-xml_2.11\1.0.2\scala-xml_2.11-1.0.2.jar;C:\Users\Lerockit\AppData\Roaming\.minecraft\libraries\lzma\lzma\0.0.1\lzma-0.0.1.jar;C:\Users\Lerockit\AppData\Roaming\.minecraft\libraries\net\sf\jopt-simple\jopt-simple\4.5\jopt-simple-4.5.jar;C:\Use
Launcher Type: SUN_STANDARD

Environment Variables:
PATH=C:\Program Files (x86)\Common Files\Oracle\Java\javapath;C:\Windows\system32;C:\Windows;C:\Windows\System32\Wbem;C:\Windows\System32\WindowsPowerShell\v1.0\;C:\Windows\System32\OpenSSH\;C:\ProgramData\chocolatey\bin;C:\Program Files\Git\cmd;C:\Program Files (x86)\NVIDIA Corporation\PhysX\Common;C:\Program Files\nodejs\;C:\Users\Lerockit\AppData\Local\Microsoft\WindowsApps;C:\Program Files\Microsoft VS Code\bin;C:\Users\Lerockit\AppData\Local\Programs\MiKTeX 2.9\miktex\bin\x64\;C:\Users\Lerockit\AppData\Roaming\npm;C:\Program Files\Java\jre1.8.0_171\bin
USERNAME=Lerockit
OS=Windows_NT
PROCESSOR_IDENTIFIER=Intel64 Family 6 Model 158 Stepping 9, GenuineIntel



---------------  S Y S T E M  ---------------

OS: Windows 10.0 , 64 bit Build 17134 (10.0.17134.1)

CPU:total 4 (initial active 4) (4 cores per cpu, 1 threads per core) family 6 model 158 stepping 9, cmov, cx8, fxsr, mmx, sse, sse2, sse3, ssse3, sse4.1, sse4.2, popcnt, avx, avx2, aes, clmul, erms, rtm, 3dnowpref, lzcnt, tsc, tscinvbit, bmi1, bmi2, adx

Memory: 4k page, physical 8343748k(1020352k free), swap 15600064k(0k free)

vm_info: Java HotSpot(TM) 64-Bit Server VM (25.171-b11) for windows-amd64 JRE (1.8.0_171-b11), built on Mar 28 2018 16:06:12 by "java_re" with MS VC++ 10.0 (VS2010)

time: Sun Aug 12 16:24:42 2018
elapsed time: 13078 seconds (0d 3h 37m 58s)

