[00:01:08] [Client thread/INFO]: Warning: Clientside chunk ticking took 249 ms
[00:01:10] [Client thread/INFO]: Warning: Clientside chunk ticking took 249 ms
[00:01:13] [Client thread/INFO]: Warning: Clientside chunk ticking took 238 ms
[00:03:47] [Client thread/INFO]: Warning: Clientside chunk ticking took 145 ms
[00:16:05] [Server thread/WARN]: Can't keep up! Did the system time change, or is the server overloaded? Running 2263ms behind, skipping 45 tick(s)
[00:16:06] [Client thread/INFO]: Warning: Clientside chunk ticking took 147 ms
[00:16:06] [Client thread/INFO]: Warning: Clientside chunk ticking took 168 ms
[00:16:06] [Client thread/INFO]: Warning: Clientside chunk ticking took 156 ms
[00:16:06] [Client thread/INFO]: Warning: Clientside chunk ticking took 132 ms
[00:16:07] [Client thread/INFO]: Warning: Clientside chunk ticking took 241 ms
[00:16:23] [Client thread/INFO]: Warning: Clientside chunk ticking took 135 ms
[00:16:27] [Client thread/INFO]: Warning: Clientside chunk ticking took 121 ms
[00:17:04] [Server thread/INFO]: Saving and pausing game...
[00:17:04] [Server thread/INFO]: Saving chunks for level 'My FuckinWorld'/Overworld
[00:17:04] [Server thread/INFO]: Saving chunks for level 'My FuckinWorld'/Nether
[00:17:04] [Server thread/INFO]: Saving chunks for level 'My FuckinWorld'/The Last Millenium
[00:17:13] [Client thread/INFO]: Warning: Clientside chunk ticking took 180 ms
[00:17:48] [Client thread/INFO]: Warning: Clientside chunk ticking took 107 ms
[00:17:50] [Client thread/INFO]: Warning: Clientside chunk ticking took 137 ms
[00:17:53] [Client thread/INFO]: Warning: Clientside chunk ticking took 151 ms
[00:18:24] [Client thread/INFO]: Warning: Clientside chunk ticking took 210 ms
[00:18:26] [Client thread/INFO]: Warning: Clientside chunk ticking took 207 ms
[00:19:29] [Client thread/INFO]: Warning: Clientside chunk ticking took 169 ms
[00:19:59] [Server thread/WARN]: Can't keep up! Did the system time change, or is the server overloaded? Running 3345ms behind, skipping 66 tick(s)
[00:20:39] [Client thread/INFO]: Warning: Clientside chunk ticking took 167 ms
[00:22:46] [Client thread/INFO]: Warning: Clientside chunk ticking took 152 ms
[00:27:49] [Client thread/INFO]: Warning: Clientside chunk ticking took 472 ms
[00:28:01] [Client thread/INFO]: Warning: Clientside chunk ticking took 354 ms
[00:28:04] [Client thread/INFO]: Warning: Clientside chunk ticking took 460 ms
[00:28:20] [Client thread/INFO]: Warning: Clientside chunk ticking took 394 ms
[00:28:42] [Client thread/INFO]: Warning: Clientside chunk ticking took 367 ms
[00:29:28] [Client thread/INFO]: Warning: Clientside chunk ticking took 103 ms
[00:29:34] [Client thread/INFO]: Warning: Clientside chunk ticking took 110 ms
[00:29:47] [Client thread/INFO]: Warning: Clientside chunk ticking took 112 ms
[00:30:06] [Client thread/INFO]: Warning: Clientside chunk ticking took 116 ms
[00:30:08] [Client thread/INFO]: Warning: Clientside chunk ticking took 108 ms
[00:30:16] [Client thread/INFO]: Warning: Clientside chunk ticking took 117 ms
[00:30:18] [Client thread/INFO]: Warning: Clientside chunk ticking took 139 ms
[00:30:22] [Client thread/INFO]: Warning: Clientside chunk ticking took 116 ms
[00:30:23] [Client thread/INFO]: Warning: Clientside chunk ticking took 107 ms
[00:30:31] [Client thread/INFO]: Warning: Clientside chunk ticking took 108 ms
[00:30:38] [Client thread/INFO]: Warning: Clientside chunk ticking took 109 ms
[00:30:42] [Client thread/INFO]: Warning: Clientside chunk ticking took 128 ms
[00:30:47] [Client thread/INFO]: Warning: Clientside chunk ticking took 113 ms
[00:30:51] [Client thread/INFO]: Warning: Clientside chunk ticking took 116 ms
[00:32:28] [Client thread/INFO]: Warning: Clientside chunk ticking took 103 ms
[00:32:39] [Client thread/INFO]: Warning: Clientside chunk ticking took 200 ms
[00:54:39] [Client thread/INFO]: Warning: Clientside chunk ticking took 382 ms
[00:54:45] [Client thread/INFO]: Warning: Clientside chunk ticking took 376 ms
[00:54:53] [Client thread/INFO]: Warning: Clientside chunk ticking took 370 ms
[00:55:22] [Client thread/INFO]: Warning: Clientside chunk ticking took 362 ms
[00:55:59] [Server thread/INFO]: Saving and pausing game...
[00:55:59] [Server thread/INFO]: Saving chunks for level 'My FuckinWorld'/Overworld
[00:55:59] [Server thread/INFO]: Saving chunks for level 'My FuckinWorld'/Nether
[00:55:59] [Server thread/INFO]: Saving chunks for level 'My FuckinWorld'/The Last Millenium
[00:57:47] [Client thread/INFO]: Warning: Clientside chunk ticking took 120 ms
[00:57:57] [Client thread/INFO]: Warning: Clientside chunk ticking took 181 ms
[01:08:53] [Server thread/INFO]: Lercokit fell from a high place
[01:08:53] [Client thread/INFO]: [CHAT] Lercokit fell from a high place
[01:09:57] [Server thread/INFO]: Saving and pausing game...
[01:09:57] [Server thread/INFO]: Saving chunks for level 'My FuckinWorld'/Overworld
[01:09:57] [Server thread/INFO]: Saving chunks for level 'My FuckinWorld'/Nether
[01:09:57] [Server thread/INFO]: Saving chunks for level 'My FuckinWorld'/The Last Millenium
[01:09:58] [Server thread/INFO]: Saving and pausing game...
[01:09:58] [Server thread/INFO]: Saving chunks for level 'My FuckinWorld'/Overworld
[01:09:58] [Server thread/INFO]: Saving chunks for level 'My FuckinWorld'/Nether
[01:09:58] [Server thread/INFO]: Saving chunks for level 'My FuckinWorld'/The Last Millenium
[01:10:01] [Client thread/INFO]: Started on 61430
[01:10:01] [Client thread/INFO]: [CHAT] Local game hosted on port 61430
[01:10:06] [Server thread/INFO]: [Lercokit: Teleported Lercokit to -3627.5,77.5,-280.5]
[01:10:06] [Client thread/INFO]: [CHAT] Teleported Lercokit to -3627.5,77.5,-280.5
[01:10:06] [Server thread/WARN]: Fetching addPacket for removed entity
[01:10:06] [Server thread/WARN]: Fetching addPacket for removed entity
[01:10:06] [Server thread/WARN]: Fetching addPacket for removed entity
[01:10:32] [Server thread/INFO]: [Lercokit: Teleported Lercokit to -113.5,64.5,531.5]
[01:10:32] [Client thread/INFO]: [CHAT] Teleported Lercokit to -113.5,64.5,531.5
[01:26:18] [Server thread/WARN]: Can't keep up! Did the system time change, or is the server overloaded? Running 3616ms behind, skipping 72 tick(s)
[01:56:32] [Server thread/INFO]: Lercokit lost connection: TextComponent{text='Disconnected', siblings=[], style=Style{hasParent=false, color=null, bold=null, italic=null, underlined=null, obfuscated=null, clickEvent=null, hoverEvent=null}}
[01:56:32] [Server thread/INFO]: Lercokit left the game
[01:56:32] [Server thread/INFO]: Stopping singleplayer server as player logged out
[01:56:32] [Server thread/INFO]: Stopping server
[01:56:32] [Server thread/INFO]: Saving players
[01:56:32] [Server thread/INFO]: Saving worlds
[01:56:32] [Server thread/INFO]: Saving chunks for level 'My FuckinWorld'/Overworld
[01:56:32] [Server thread/INFO]: Saving chunks for level 'My FuckinWorld'/Nether
[01:56:32] [Server thread/INFO]: Saving chunks for level 'My FuckinWorld'/The Last Millenium
[01:56:38] [Client thread/INFO]: Stopping!
